	cl.exe /nologo -I".\src" -I"C:\Program Files (x86)\Windows Kits\10\Include\10.0.15063.0\km" -I"C:\Program Files (x86)\Windows Kits\10\Include\10.0.15063.0\km\crt" -I"C:\Program Files (x86)\Windows Kits\10\Include\10.0.15063.0\shared" -I".\src\r0_common" -DDBGMSG_FULL -DDBGMSG -DDBGPIPE -D_X86_=1 /Gz /GS- /c /W0 /WX- src/driver.cpp
driver.cpp
	cl.exe /nologo -I".\src" -I"C:\Program Files (x86)\Windows Kits\10\Include\10.0.15063.0\km" -I"C:\Program Files (x86)\Windows Kits\10\Include\10.0.15063.0\km\crt" -I"C:\Program Files (x86)\Windows Kits\10\Include\10.0.15063.0\shared" -I".\src\r0_common" -DDBGMSG_FULL -DDBGMSG -DDBGPIPE -D_X86_=1 /Gz /GS- /c /W0 /WX- src/r0_common/debug.cpp
debug.cpp
	cl.exe /nologo -I".\src" -I"C:\Program Files (x86)\Windows Kits\10\Include\10.0.15063.0\km" -I"C:\Program Files (x86)\Windows Kits\10\Include\10.0.15063.0\km\crt" -I"C:\Program Files (x86)\Windows Kits\10\Include\10.0.15063.0\shared" -I".\src\r0_common" -DDBGMSG_FULL -DDBGMSG -DDBGPIPE -D_X86_=1 /Gz /GS- /c /W0 /WX- src/r0_common/common.cpp
common.cpp
	cl.exe /nologo -I".\src" -I"C:\Program Files (x86)\Windows Kits\10\Include\10.0.15063.0\km" -I"C:\Program Files (x86)\Windows Kits\10\Include\10.0.15063.0\km\crt" -I"C:\Program Files (x86)\Windows Kits\10\Include\10.0.15063.0\shared" -I".\src\r0_common" -DDBGMSG_FULL -DDBGMSG -DDBGPIPE -D_X86_=1 /Gz /GS- /c /W0 /WX- src/r0_common/lst.cpp
lst.cpp
	cl.exe /nologo -I".\src" -I"C:\Program Files (x86)\Windows Kits\10\Include\10.0.15063.0\km" -I"C:\Program Files (x86)\Windows Kits\10\Include\10.0.15063.0\km\crt" -I"C:\Program Files (x86)\Windows Kits\10\Include\10.0.15063.0\shared" -I".\src\r0_common" -DDBGMSG_FULL -DDBGMSG -DDBGPIPE -D_X86_=1 /Gz /GS- /c /W0 /WX- src/rng.cpp
rng.cpp
	ml.exe /nologo /c src/asm/i386/common_asm.asm
 Assembling: src/asm/i386/common_asm.asm
	cl.exe /nologo -I".\src" -I"C:\Program Files (x86)\Windows Kits\10\Include\10.0.15063.0\km" -I"C:\Program Files (x86)\Windows Kits\10\Include\10.0.15063.0\km\crt" -I"C:\Program Files (x86)\Windows Kits\10\Include\10.0.15063.0\shared" -I".\src\r0_common" -DDBGMSG_FULL -DDBGMSG -DDBGPIPE -D_X86_=1 /Gz /GS- /c /W0 /WX- src/handlers.cpp
handlers.cpp
	cl.exe /nologo -I".\src" -I"C:\Program Files (x86)\Windows Kits\10\Include\10.0.15063.0\km" -I"C:\Program Files (x86)\Windows Kits\10\Include\10.0.15063.0\km\crt" -I"C:\Program Files (x86)\Windows Kits\10\Include\10.0.15063.0\shared" -I".\src\r0_common" -DDBGMSG_FULL -DDBGMSG -DDBGPIPE -D_X86_=1 /Gz /GS- /c /W0 /WX- src/hook.cpp
hook.cpp
	cl.exe /nologo -I".\src" -I"C:\Program Files (x86)\Windows Kits\10\Include\10.0.15063.0\km" -I"C:\Program Files (x86)\Windows Kits\10\Include\10.0.15063.0\km\crt" -I"C:\Program Files (x86)\Windows Kits\10\Include\10.0.15063.0\shared" -I".\src\r0_common" -DDBGMSG_FULL -DDBGMSG -DDBGPIPE -D_X86_=1 /Gz /GS- /c /W0 /WX- src/log.cpp
log.cpp
	cl.exe /nologo -I".\src" -I"C:\Program Files (x86)\Windows Kits\10\Include\10.0.15063.0\km" -I"C:\Program Files (x86)\Windows Kits\10\Include\10.0.15063.0\km\crt" -I"C:\Program Files (x86)\Windows Kits\10\Include\10.0.15063.0\shared" -I".\src\r0_common" -DDBGMSG_FULL -DDBGMSG -DDBGPIPE -D_X86_=1 /Gz /GS- /c /W0 /WX- src/rules.cpp
rules.cpp
	cl.exe /nologo -I".\src" -I"C:\Program Files (x86)\Windows Kits\10\Include\10.0.15063.0\km" -I"C:\Program Files (x86)\Windows Kits\10\Include\10.0.15063.0\km\crt" -I"C:\Program Files (x86)\Windows Kits\10\Include\10.0.15063.0\shared" -I".\src\r0_common" -DDBGMSG_FULL -DDBGMSG -DDBGPIPE -D_X86_=1 /Gz /GS- /c /W0 /WX- src/excpthook.cpp
excpthook.cpp
	cl.exe /nologo -I".\src" -I"C:\Program Files (x86)\Windows Kits\10\Include\10.0.15063.0\km" -I"C:\Program Files (x86)\Windows Kits\10\Include\10.0.15063.0\km\crt" -I"C:\Program Files (x86)\Windows Kits\10\Include\10.0.15063.0\shared" -I".\src\r0_common" -DDBGMSG_FULL -DDBGMSG -DDBGPIPE -D_X86_=1 /Gz /GS- /c /W0 /WX- -DDBGCB_DRIVER ../dbgcb/common/dbgcb_client.cpp
dbgcb_client.cpp
	"C:\Program Files (x86)\Microsoft Visual Studio 14.0\VC\bin\x86_arm\link.exe" /LIBPATH:"C:\Program Files (x86)\Windows Kits\10\Lib\10.0.15063.0\km\x86" /LIBPATH:"C:\Program Files (x86)\Microsoft Visual Studio 14.0\VC\lib" /OPT:REF /OPT:ICF /INCREMENTAL:NO /DEBUG /STACK:0x40000,0x1000 /DRIVER /BASE:0x10000 /ALIGN:0x80 /SUBSYSTEM:native,5.01 /ENTRY:DriverEntry /DEF:driver.def /OUT:..\driver_i386.sys driver.obj debug.obj common.obj lst.obj rng.obj common_asm.obj handlers.obj hook.obj log.obj rules.obj excpthook.obj dbgcb_client.obj ntoskrnl.lib hal.lib
Microsoft (R) Incremental Linker Version 14.00.24215.1
Copyright (C) Microsoft Corporation.  All rights reserved.

  正在创建库 ..\driver_i386.lib 和对象 ..\driver_i386.exp
